[2018-09-14 09:13:05][INFO ] irille.pub.bean.PackageBase
初始化模块【class irille.core.sys.Sys】信息...
[2018-09-14 09:13:05][INFO ] irille.pub.FileText
文件[E:\eclipse-workspace\omt\src/main/java\com\irille\omt\domain\auth\Access.java]已修改, 请按【F5】键同步显示内容!
[2018-09-14 09:13:05][INFO ] irille.pub.svr.DbPool
DbPool初始化开始
[2018-09-14 09:13:05][INFO ] snaq.db.ConnectionPoolManager
Loaded ConnectionPoolManager properties with encoding UTF-8
[2018-09-14 09:13:05][INFO ] snaq.db.ConnectionPoolManager.irille
irille: Created pool irille (minpool=0,maxpool=100,maxsize=100,idleTimeout=60)
[2018-09-14 09:13:05][INFO ] irille.pub.svr.DbPool
DbPool初始化成功
[2018-09-14 09:13:05][INFO ] irille.pub.svr.DbPool
init poolManager end...
[2018-09-14 09:13:05][INFO ] snaq.db.ConnectionPool.irille
irille: Getting connection (user/password): jdbc:mysql://localhost:3306/adt?useUnicode=true&characterEncoding=UTF8&serverTimezone=Asia/Shanghai
[2018-09-14 09:13:06][INFO ] snaq.db.ConnectionPool.irille
irille: Created a new connection
[2018-09-14 09:13:06][INFO ] irille.pub.FileText
文件[E:\eclipse-workspace\omt\src/main/java\com\irille\omt\domain\auth\Access.java]已修改, 请按【F5】键同步显示内容!
[2018-09-14 09:18:23][INFO ] irille.pub.bean.PackageBase
初始化模块【class irille.core.sys.Sys】信息...
[2018-09-14 09:18:23][INFO ] irille.pub.FileText
文件[E:\eclipse-workspace\omt\src/main/java\com\irille\omt\domain\auth\Access.java]已修改, 请按【F5】键同步显示内容!
[2018-09-14 09:18:23][INFO ] irille.pub.svr.DbPool
DbPool初始化开始
[2018-09-14 09:18:23][INFO ] snaq.db.ConnectionPoolManager
Loaded ConnectionPoolManager properties with encoding UTF-8
[2018-09-14 09:18:23][INFO ] snaq.db.ConnectionPoolManager.irille
irille: Created pool irille (minpool=0,maxpool=100,maxsize=100,idleTimeout=60)
[2018-09-14 09:18:23][INFO ] irille.pub.svr.DbPool
DbPool初始化成功
[2018-09-14 09:18:23][INFO ] irille.pub.svr.DbPool
init poolManager end...
[2018-09-14 09:18:23][INFO ] snaq.db.ConnectionPool.irille
irille: Getting connection (user/password): jdbc:mysql://localhost:3306/adt?useUnicode=true&characterEncoding=UTF8&serverTimezone=Asia/Shanghai
[2018-09-14 09:18:23][INFO ] snaq.db.ConnectionPool.irille
irille: Created a new connection
[2018-09-14 09:18:23][INFO ] irille.pub.FileText
文件[E:\eclipse-workspace\omt\src/main/java\com\irille\omt\domain\auth\Access.java]已修改, 请按【F5】键同步显示内容!
[2018-09-14 09:21:10][INFO ] irille.pub.bean.PackageBase
初始化模块【class irille.core.sys.Sys】信息...
[2018-09-14 09:21:10][INFO ] irille.pub.FileText
文件[E:\eclipse-workspace\omt\src/main/java\com\irille\omt\domain\auth\Access.java]已修改, 请按【F5】键同步显示内容!
[2018-09-14 09:21:10][INFO ] irille.pub.svr.DbPool
DbPool初始化开始
[2018-09-14 09:21:10][INFO ] snaq.db.ConnectionPoolManager
Loaded ConnectionPoolManager properties with encoding UTF-8
[2018-09-14 09:21:10][INFO ] snaq.db.ConnectionPoolManager.irille
irille: Created pool irille (minpool=0,maxpool=100,maxsize=100,idleTimeout=60)
[2018-09-14 09:21:10][INFO ] irille.pub.svr.DbPool
DbPool初始化成功
[2018-09-14 09:21:10][INFO ] irille.pub.svr.DbPool
init poolManager end...
[2018-09-14 09:21:10][INFO ] snaq.db.ConnectionPool.irille
irille: Getting connection (user/password): jdbc:mysql://localhost:3306/adt?useUnicode=true&characterEncoding=UTF8&serverTimezone=Asia/Shanghai
[2018-09-14 09:21:10][INFO ] snaq.db.ConnectionPool.irille
irille: Created a new connection
[2018-09-14 09:21:10][INFO ] irille.pub.FileText
文件[E:\eclipse-workspace\omt\src/main/java\com\irille\omt\domain\auth\Access.java]已修改, 请按【F5】键同步显示内容!
[2018-09-14 09:22:09][INFO ] irille.pub.bean.PackageBase
初始化模块【class irille.core.sys.Sys】信息...
[2018-09-14 09:22:09][INFO ] irille.pub.FileText
文件[E:\eclipse-workspace\omt\src/main/java\com\irille\omt\domain\auth\Access.java]已修改, 请按【F5】键同步显示内容!
[2018-09-14 09:22:09][INFO ] irille.pub.svr.DbPool
DbPool初始化开始
[2018-09-14 09:22:09][INFO ] snaq.db.ConnectionPoolManager
Loaded ConnectionPoolManager properties with encoding UTF-8
[2018-09-14 09:22:09][INFO ] snaq.db.ConnectionPoolManager.irille
irille: Created pool irille (minpool=0,maxpool=100,maxsize=100,idleTimeout=60)
[2018-09-14 09:22:09][INFO ] irille.pub.svr.DbPool
DbPool初始化成功
[2018-09-14 09:22:09][INFO ] irille.pub.svr.DbPool
init poolManager end...
[2018-09-14 09:22:09][INFO ] snaq.db.ConnectionPool.irille
irille: Getting connection (user/password): jdbc:mysql://localhost:3306/adt?useUnicode=true&characterEncoding=UTF8&serverTimezone=Asia/Shanghai
[2018-09-14 09:22:09][INFO ] snaq.db.ConnectionPool.irille
irille: Created a new connection
[2018-09-14 09:22:09][INFO ] irille.pub.FileText
文件[E:\eclipse-workspace\omt\src/main/java\com\irille\omt\domain\auth\Access.java]已修改, 请按【F5】键同步显示内容!
[2018-09-14 09:23:08][INFO ] irille.pub.bean.PackageBase
初始化模块【class irille.core.sys.Sys】信息...
[2018-09-14 09:23:08][INFO ] irille.pub.FileText
文件[E:\eclipse-workspace\omt\src/main/java\com\irille\omt\domain\auth\Access.java]已修改, 请按【F5】键同步显示内容!
[2018-09-14 09:23:08][INFO ] irille.pub.svr.DbPool
DbPool初始化开始
[2018-09-14 09:23:08][INFO ] snaq.db.ConnectionPoolManager
Loaded ConnectionPoolManager properties with encoding UTF-8
[2018-09-14 09:23:08][INFO ] snaq.db.ConnectionPoolManager.irille
irille: Created pool irille (minpool=0,maxpool=100,maxsize=100,idleTimeout=60)
[2018-09-14 09:23:08][INFO ] irille.pub.svr.DbPool
DbPool初始化成功
[2018-09-14 09:23:08][INFO ] irille.pub.svr.DbPool
init poolManager end...
[2018-09-14 09:23:08][INFO ] snaq.db.ConnectionPool.irille
irille: Getting connection (user/password): jdbc:mysql://localhost:3306/adt?useUnicode=true&characterEncoding=UTF8&serverTimezone=Asia/Shanghai
[2018-09-14 09:23:08][INFO ] snaq.db.ConnectionPool.irille
irille: Created a new connection
[2018-09-14 09:23:08][INFO ] irille.pub.FileText
文件[E:\eclipse-workspace\omt\src/main/java\com\irille\omt\domain\auth\Access.java]已修改, 请按【F5】键同步显示内容!
[2018-09-14 09:23:55][INFO ] irille.pub.bean.PackageBase
初始化模块【class irille.core.sys.Sys】信息...
[2018-09-14 09:23:55][INFO ] irille.pub.FileText
文件[E:\eclipse-workspace\omt\src/main/java\com\irille\omt\domain\auth\Access.java]已修改, 请按【F5】键同步显示内容!
[2018-09-14 09:23:55][INFO ] irille.pub.svr.DbPool
DbPool初始化开始
[2018-09-14 09:23:55][INFO ] snaq.db.ConnectionPoolManager
Loaded ConnectionPoolManager properties with encoding UTF-8
[2018-09-14 09:23:55][INFO ] snaq.db.ConnectionPoolManager.irille
irille: Created pool irille (minpool=0,maxpool=100,maxsize=100,idleTimeout=60)
[2018-09-14 09:23:55][INFO ] irille.pub.svr.DbPool
DbPool初始化成功
[2018-09-14 09:23:55][INFO ] irille.pub.svr.DbPool
init poolManager end...
[2018-09-14 09:23:55][INFO ] snaq.db.ConnectionPool.irille
irille: Getting connection (user/password): jdbc:mysql://localhost:3306/adt?useUnicode=true&characterEncoding=UTF8&serverTimezone=Asia/Shanghai
[2018-09-14 09:23:56][INFO ] snaq.db.ConnectionPool.irille
irille: Created a new connection
[2018-09-14 09:23:56][INFO ] irille.pub.FileText
文件[E:\eclipse-workspace\omt\src/main/java\com\irille\omt\domain\auth\Access.java]已修改, 请按【F5】键同步显示内容!
[2018-09-14 09:24:03][INFO ] irille.pub.bean.PackageBase
初始化模块【class irille.core.sys.Sys】信息...
[2018-09-14 09:24:03][INFO ] irille.pub.FileText
文件[E:\eclipse-workspace\omt\src/main/java\com\irille\omt\domain\auth\Access.java]已修改, 请按【F5】键同步显示内容!
[2018-09-14 09:24:03][INFO ] irille.pub.svr.DbPool
DbPool初始化开始
[2018-09-14 09:24:03][INFO ] snaq.db.ConnectionPoolManager
Loaded ConnectionPoolManager properties with encoding UTF-8
[2018-09-14 09:24:03][INFO ] snaq.db.ConnectionPoolManager.irille
irille: Created pool irille (minpool=0,maxpool=100,maxsize=100,idleTimeout=60)
[2018-09-14 09:24:03][INFO ] irille.pub.svr.DbPool
DbPool初始化成功
[2018-09-14 09:24:03][INFO ] irille.pub.svr.DbPool
init poolManager end...
[2018-09-14 09:24:03][INFO ] snaq.db.ConnectionPool.irille
irille: Getting connection (user/password): jdbc:mysql://localhost:3306/adt?useUnicode=true&characterEncoding=UTF8&serverTimezone=Asia/Shanghai
[2018-09-14 09:24:03][INFO ] snaq.db.ConnectionPool.irille
irille: Created a new connection
[2018-09-14 09:24:04][INFO ] irille.pub.FileText
文件[E:\eclipse-workspace\omt\src/main/java\com\irille\omt\domain\auth\Access.java]已修改, 请按【F5】键同步显示内容!
[2018-09-14 09:47:20][INFO ] irille.pub.bean.PackageBase
初始化模块【class irille.core.sys.Sys】信息...
[2018-09-14 09:47:20][INFO ] irille.pub.FileText
文件[E:\eclipse-workspace\omt\src/main/java\com\irille\omt\domain\auth\Access.java]已修改, 请按【F5】键同步显示内容!
[2018-09-14 09:47:20][INFO ] irille.pub.svr.DbPool
DbPool初始化开始
[2018-09-14 09:47:20][INFO ] snaq.db.ConnectionPoolManager
Loaded ConnectionPoolManager properties with encoding UTF-8
[2018-09-14 09:47:20][INFO ] snaq.db.ConnectionPoolManager.irille
irille: Created pool irille (minpool=0,maxpool=100,maxsize=100,idleTimeout=60)
[2018-09-14 09:47:20][INFO ] irille.pub.svr.DbPool
DbPool初始化成功
[2018-09-14 09:47:20][INFO ] irille.pub.svr.DbPool
init poolManager end...
[2018-09-14 09:47:20][INFO ] snaq.db.ConnectionPool.irille
irille: Getting connection (user/password): jdbc:mysql://localhost:3306/adt?useUnicode=true&characterEncoding=UTF8&serverTimezone=Asia/Shanghai
[2018-09-14 09:47:20][INFO ] snaq.db.ConnectionPool.irille
irille: Created a new connection
[2018-09-14 09:47:20][INFO ] irille.pub.FileText
文件[E:\eclipse-workspace\omt\src/main/java\com\irille\omt\domain\auth\Access.java]已修改, 请按【F5】键同步显示内容!
[2018-09-14 10:05:34][INFO ] irille.pub.bean.PackageBase
初始化模块【class irille.core.sys.Sys】信息...
[2018-09-14 10:05:34][ERROR] irille.pub.ClassTools
getStaticProerty:取类[class irille.pub.bean.BeanInt]的静态常量[TB]出错!
[2018-09-14 10:06:42][INFO ] irille.pub.bean.PackageBase
初始化模块【class irille.core.sys.Sys】信息...
[2018-09-14 10:06:42][ERROR] irille.pub.ClassTools
getStaticProerty:取类[class irille.pub.bean.BeanInt]的静态常量[TB]出错!
[2018-09-14 10:15:41][INFO ] irille.pub.bean.PackageBase
初始化模块【class irille.core.sys.Sys】信息...
[2018-09-14 10:15:41][INFO ] irille.pub.FileText
文件[E:\eclipse-workspace\omt\src/main/java\com\irille\omt\domain\auth\Access.java]已修改, 请按【F5】键同步显示内容!
[2018-09-14 10:15:41][INFO ] irille.pub.svr.DbPool
DbPool初始化开始
[2018-09-14 10:15:41][INFO ] snaq.db.ConnectionPoolManager
Loaded ConnectionPoolManager properties with encoding UTF-8
[2018-09-14 10:15:41][INFO ] snaq.db.ConnectionPoolManager.irille
irille: Created pool irille (minpool=0,maxpool=100,maxsize=100,idleTimeout=60)
[2018-09-14 10:15:41][INFO ] irille.pub.svr.DbPool
DbPool初始化成功
[2018-09-14 10:15:41][INFO ] irille.pub.svr.DbPool
init poolManager end...
[2018-09-14 10:15:41][INFO ] snaq.db.ConnectionPool.irille
irille: Getting connection (user/password): jdbc:mysql://localhost:3306/adt?useUnicode=true&characterEncoding=UTF8&serverTimezone=Asia/Shanghai
[2018-09-14 10:15:41][INFO ] snaq.db.ConnectionPool.irille
irille: Created a new connection
[2018-09-14 10:15:41][INFO ] irille.pub.FileText
文件[E:\eclipse-workspace\omt\src/main/java\com\irille\omt\domain\auth\Access.java]已修改, 请按【F5】键同步显示内容!
[2018-09-14 10:20:03][INFO ] irille.pub.bean.PackageBase
初始化模块【class irille.core.sys.Sys】信息...
[2018-09-14 10:20:03][INFO ] irille.pub.FileText
文件[E:\eclipse-workspace\omt\src/main/java\com\irille\omt\domain\auth\Access.java]已修改, 请按【F5】键同步显示内容!
[2018-09-14 10:20:03][INFO ] irille.pub.svr.DbPool
DbPool初始化开始
[2018-09-14 10:20:03][INFO ] snaq.db.ConnectionPoolManager
Loaded ConnectionPoolManager properties with encoding UTF-8
[2018-09-14 10:20:03][INFO ] snaq.db.ConnectionPoolManager.irille
irille: Created pool irille (minpool=0,maxpool=100,maxsize=100,idleTimeout=60)
[2018-09-14 10:20:03][INFO ] irille.pub.svr.DbPool
DbPool初始化成功
[2018-09-14 10:20:03][INFO ] irille.pub.svr.DbPool
init poolManager end...
[2018-09-14 10:20:03][INFO ] snaq.db.ConnectionPool.irille
irille: Getting connection (user/password): jdbc:mysql://localhost:3306/adt?useUnicode=true&characterEncoding=UTF8&serverTimezone=Asia/Shanghai
[2018-09-14 10:20:03][INFO ] snaq.db.ConnectionPool.irille
irille: Created a new connection
[2018-09-14 10:20:04][INFO ] irille.pub.FileText
文件[E:\eclipse-workspace\omt\src/main/java\com\irille\omt\domain\auth\Access.java]已修改, 请按【F5】键同步显示内容!
[2018-09-14 10:23:56][INFO ] irille.pub.bean.PackageBase
初始化模块【class irille.core.sys.Sys】信息...
[2018-09-14 10:23:56][INFO ] irille.pub.bean.Bean
countTestCases
[2018-09-14 10:23:56][INFO ] irille.pub.FileText
文件[E:\eclipse-workspace\omt\src/main/java\com\irille\omt\domain\auth\Access.java]已修改, 请按【F5】键同步显示内容!
[2018-09-14 10:23:56][INFO ] irille.pub.svr.DbPool
DbPool初始化开始
[2018-09-14 10:23:56][INFO ] snaq.db.ConnectionPoolManager
Loaded ConnectionPoolManager properties with encoding UTF-8
[2018-09-14 10:23:56][INFO ] snaq.db.ConnectionPoolManager.irille
irille: Created pool irille (minpool=0,maxpool=100,maxsize=100,idleTimeout=60)
[2018-09-14 10:23:56][INFO ] irille.pub.svr.DbPool
DbPool初始化成功
[2018-09-14 10:23:56][INFO ] irille.pub.svr.DbPool
init poolManager end...
[2018-09-14 10:23:56][INFO ] snaq.db.ConnectionPool.irille
irille: Getting connection (user/password): jdbc:mysql://localhost:3306/adt?useUnicode=true&characterEncoding=UTF8&serverTimezone=Asia/Shanghai
[2018-09-14 10:23:56][INFO ] snaq.db.ConnectionPool.irille
irille: Created a new connection
[2018-09-14 10:23:56][INFO ] irille.pub.bean.Bean
countTestCases
[2018-09-14 10:23:56][INFO ] irille.pub.FileText
文件[E:\eclipse-workspace\omt\src/main/java\com\irille\omt\domain\auth\Access.java]已修改, 请按【F5】键同步显示内容!
